Initializing...
2020-11-20  161617: Lyricist: Launching Spotify oAuth2 Authorization Service.
2020-11-20  161618: Lyricist: Spotify oAuth2 Server shutting down
{
    "actions": {
        "disallows": {
            "resuming": true
        }
    },
    "context": {
        "external_urls": {
            "spotify": "https://open.spotify.com/playlist/4BezXFQsPqojufdDHnFngh"
        },
        "href": "https://api.spotify.com/v1/playlists/4BezXFQsPqojufdDHnFngh",
        "type": "playlist",
        "uri": "spotify:user:dk_krypton:playlist:4BezXFQsPqojufdDHnFngh"
    },
    "currently_playing_type": "track",
    "is_playing": true,
    "item": {
        "album": {
            "album_type": "single",
            "artists": [
                {
                    "external_urls": {
                        "spotify": "https://open.spotify.com/artist/7hssUdpvtY5oiARaUDgFZ3"
                    },
                    "href": "https://api.spotify.com/v1/artists/7hssUdpvtY5oiARaUDgFZ3",
                    "id": "7hssUdpvtY5oiARaUDgFZ3",
                    "name": "Ina Wroldsen",
                    "type": "artist",
                    "uri": "spotify:artist:7hssUdpvtY5oiARaUDgFZ3"
                },
                {
                    "external_urls": {
                        "spotify": "https://open.spotify.com/artist/3v6Ji4uoWtKRkhuDUaxi9n"
                    },
                    "href": "https://api.spotify.com/v1/artists/3v6Ji4uoWtKRkhuDUaxi9n",
                    "id": "3v6Ji4uoWtKRkhuDUaxi9n",
                    "name": "Dynoro",
                    "type": "artist",
                    "uri": "spotify:artist:3v6Ji4uoWtKRkhuDUaxi9n"
                }
            ],
            "available_markets": [
                "AD",
                "AE",
                "AL",
                "AR",
                "AT",
                "BA",
                "BE",
                "BG",
                "BH",
                "BO",
                "BR",
                "BY",
                "CA",
                "CH",
                "CL",
                "CO",
                "CR",
                "CY",
                "CZ",
                "DE",
                "DK",
                "DO",
                "DZ",
                "EC",
                "EE",
                "EG",
                "ES",
                "FI",
                "FR",
                "GB",
                "GR",
                "GT",
                "HK",
                "HN",
                "HR",
                "HU",
                "ID",
                "IE",
                "IL",
                "IN",
                "IS",
                "IT",
                "JO",
                "JP",
                "KW",
                "KZ",
                "LB",
                "LI",
                "LT",
                "LU",
                "LV",
                "MA",
                "MC",
                "MD",
                "ME",
                "MK",
                "MT",
                "MX",
                "MY",
                "NI",
                "NL",
                "NO",
                "OM",
                "PA",
                "PE",
                "PH",
                "PL",
                "PS",
                "PT",
                "PY",
                "QA",
                "RO",
                "RS",
                "RU",
                "SA",
                "SE",
                "SG",
                "SI",
                "SK",
                "SV",
                "TH",
                "TN",
                "TR",
                "TW",
                "UA",
                "US",
                "UY",
                "VN",
                "XK",
                "ZA"
            ],
            "external_urls": {
                "spotify": "https://open.spotify.com/album/3C8hJOFjklP1DDbLoWR8Ws"
            },
            "href": "https://api.spotify.com/v1/albums/3C8hJOFjklP1DDbLoWR8Ws",
            "id": "3C8hJOFjklP1DDbLoWR8Ws",
            "images": [
                {
                    "height": 640,
                    "url": "https://i.scdn.co/image/ab67616d0000b27352265679f13d357609fc8954",
                    "width": 640
                },
                {
                    "height": 300,
                    "url": "https://i.scdn.co/image/ab67616d00001e0252265679f13d357609fc8954",
                    "width": 300
                },
                {
                    "height": 64,
                    "url": "https://i.scdn.co/image/ab67616d0000485152265679f13d357609fc8954",
                    "width": 64
                }
            ],
            "name": "Obsessed (Acoustic Version)",
            "release_date": "2019-07-05",
            "release_date_precision": "day",
            "total_tracks": 1,
            "type": "album",
            "uri": "spotify:album:3C8hJOFjklP1DDbLoWR8Ws"
        },
        "artists": [
            {
                "external_urls": {
                    "spotify": "https://open.spotify.com/artist/7hssUdpvtY5oiARaUDgFZ3"
                },
                "href": "https://api.spotify.com/v1/artists/7hssUdpvtY5oiARaUDgFZ3",
                "id": "7hssUdpvtY5oiARaUDgFZ3",
                "name": "Ina Wroldsen",
                "type": "artist",
                "uri": "spotify:artist:7hssUdpvtY5oiARaUDgFZ3"
            },
            {
                "external_urls": {
                    "spotify": "https://open.spotify.com/artist/3v6Ji4uoWtKRkhuDUaxi9n"
                },
                "href": "https://api.spotify.com/v1/artists/3v6Ji4uoWtKRkhuDUaxi9n",
                "id": "3v6Ji4uoWtKRkhuDUaxi9n",
                "name": "Dynoro",
                "type": "artist",
                "uri": "spotify:artist:3v6Ji4uoWtKRkhuDUaxi9n"
            }
        ],
        "available_markets": [],
        "disc_number": 1,
        "duration_ms": 235946,
        "explicit": false,
        "external_ids": {
            "isrc": "DEE861901912"
        },
        "external_urls": {
            "spotify": "https://open.spotify.com/track/4GRat7umrlVtIBjRrbZX3e"
        },
        "href": "https://api.spotify.com/v1/tracks/4GRat7umrlVtIBjRrbZX3e",
        "id": "4GRat7umrlVtIBjRrbZX3e",
        "is_local": false,
        "is_playable": true,
        "name": "Obsessed - Acoustic Version",
        "popularity": 43,
        "preview_url": "https://p.scdn.co/mp3-preview/3363f262af3d6fe0861e59d0bb7e377d8fb00c7a?cid=7b45f66cbae54e518a9fb2e5717e6e6d",
        "track_number": 1,
        "type": "track",
        "uri": "spotify:track:4GRat7umrlVtIBjRrbZX3e"
    },
    "progress_ms": 46293,
    "timestamp": 1605906935364
}
