Initializing...
2020-11-16  172032: Lyricist: Launching Spotify oAuth2 Authorization Service.
2020-11-16  172033: Lyricist: Spotify oAuth2 Server shutting down
{
    "actions": {
        "disallows": {
            "resuming": true
        }
    },
    "context": {
        "external_urls": {
            "spotify": "https://open.spotify.com/playlist/3VtkJgYtpTIToWTIb7u41V"
        },
        "href": "https://api.spotify.com/v1/playlists/3VtkJgYtpTIToWTIb7u41V",
        "type": "playlist",
        "uri": "spotify:user:dk_krypton:playlist:3VtkJgYtpTIToWTIb7u41V"
    },
    "currently_playing_type": "track",
    "is_playing": true,
    "item": {
        "album": {
            "album_type": "album",
            "artists": [
                {
                    "external_urls": {
                        "spotify": "https://open.spotify.com/artist/0SZ75AXPPX5NugN0yRJ7zt"
                    },
                    "href": "https://api.spotify.com/v1/artists/0SZ75AXPPX5NugN0yRJ7zt",
                    "id": "0SZ75AXPPX5NugN0yRJ7zt",
                    "name": "Suna",
                    "type": "artist",
                    "uri": "spotify:artist:0SZ75AXPPX5NugN0yRJ7zt"
                }
            ],
            "available_markets": [
                "AD",
                "AE",
                "AL",
                "AR",
                "AT",
                "AU",
                "BA",
                "BE",
                "BG",
                "BH",
                "BO",
                "BR",
                "BY",
                "CA",
                "CH",
                "CL",
                "CO",
                "CR",
                "CY",
                "CZ",
                "DE",
                "DK",
                "DO",
                "DZ",
                "EC",
                "EE",
                "EG",
                "ES",
                "FI",
                "FR",
                "GB",
                "GR",
                "GT",
                "HK",
                "HN",
                "HR",
                "HU",
                "ID",
                "IE",
                "IL",
                "IN",
                "IS",
                "IT",
                "JO",
                "JP",
                "KW",
                "KZ",
                "LB",
                "LI",
                "LT",
                "LU",
                "LV",
                "MA",
                "MC",
                "MD",
                "ME",
                "MK",
                "MT",
                "MX",
                "MY",
                "NI",
                "NL",
                "NO",
                "NZ",
                "OM",
                "PA",
                "PE",
                "PH",
                "PL",
                "PS",
                "PT",
                "PY",
                "QA",
                "RO",
                "RS",
                "RU",
                "SA",
                "SE",
                "SG",
                "SI",
                "SK",
                "SV",
                "TH",
                "TN",
                "TR",
                "TW",
                "UA",
                "US",
                "UY",
                "VN",
                "XK",
                "ZA"
            ],
            "external_urls": {
                "spotify": "https://open.spotify.com/album/4UesKy5R8VARETcDW24RXG"
            },
            "href": "https://api.spotify.com/v1/albums/4UesKy5R8VARETcDW24RXG",
            "id": "4UesKy5R8VARETcDW24RXG",
            "images": [
                {
                    "height": 640,
                    "url": "https://i.scdn.co/image/ab67616d0000b27313599bd844613ee907f397cb",
                    "width": 640
                },
                {
                    "height": 300,
                    "url": "https://i.scdn.co/image/ab67616d00001e0213599bd844613ee907f397cb",
                    "width": 300
                },
                {
                    "height": 64,
                    "url": "https://i.scdn.co/image/ab67616d0000485113599bd844613ee907f397cb",
                    "width": 64
                }
            ],
            "name": "Libre Service",
            "release_date": "2019-03-22",
            "release_date_precision": "day",
            "total_tracks": 12,
            "type": "album",
            "uri": "spotify:album:4UesKy5R8VARETcDW24RXG"
        },
        "artists": [
            {
                "external_urls": {
                    "spotify": "https://open.spotify.com/artist/0SZ75AXPPX5NugN0yRJ7zt"
                },
                "href": "https://api.spotify.com/v1/artists/0SZ75AXPPX5NugN0yRJ7zt",
                "id": "0SZ75AXPPX5NugN0yRJ7zt",
                "name": "Suna",
                "type": "artist",
                "uri": "spotify:artist:0SZ75AXPPX5NugN0yRJ7zt"
            },
            {
                "external_urls": {
                    "spotify": "https://open.spotify.com/artist/1I9HNoVK6kOQGVZfulXVnm"
                },
                "href": "https://api.spotify.com/v1/artists/1I9HNoVK6kOQGVZfulXVnm",
                "id": "1I9HNoVK6kOQGVZfulXVnm",
                "name": "TENDER",
                "type": "artist",
                "uri": "spotify:artist:1I9HNoVK6kOQGVZfulXVnm"
            }
        ],
        "available_markets": [],
        "disc_number": 1,
        "duration_ms": 222280,
        "explicit": false,
        "external_ids": {
            "isrc": "FRX851801602"
        },
        "external_urls": {
            "spotify": "https://open.spotify.com/track/528cSfwLiCZ2kSNnk1tyAx"
        },
        "href": "https://api.spotify.com/v1/tracks/528cSfwLiCZ2kSNnk1tyAx",
        "id": "528cSfwLiCZ2kSNnk1tyAx",
        "is_local": false,
        "is_playable": true,
        "name": "Un ptit bisou",
        "popularity": 22,
        "preview_url": "https://p.scdn.co/mp3-preview/d2db89b66e508c86d3910a1899a08c3adf2011fc?cid=7b45f66cbae54e518a9fb2e5717e6e6d",
        "track_number": 4,
        "type": "track",
        "uri": "spotify:track:528cSfwLiCZ2kSNnk1tyAx"
    },
    "progress_ms": 13968,
    "timestamp": 1605565220325
}
